<?xml version='1.0' encoding='utf-8'?>
<testsuites><testsuite name="framework_adapter_parity" tests="4" failures="0" errors="0" skipped="0" time="0.001315"><testcase classname="_scratchbird_ai_test_framework_adapters_0.FrameworkAdapterTests" name="test_langchain_mutation_denial_without_approval" time="0.000302" /><testcase classname="_scratchbird_ai_test_framework_adapters_0.FrameworkAdapterTests" name="test_langchain_toolkit_and_query_flow" time="0.000255" /><testcase classname="_scratchbird_ai_test_framework_adapters_0.FrameworkAdapterTests" name="test_llamaindex_query_explain_and_retrieval" time="0.000442" /><testcase classname="_scratchbird_ai_test_framework_adapters_0.FrameworkAdapterTests" name="test_semantic_kernel_plugin_manifest_and_function_invoke" time="0.000273" /></testsuite></testsuites>