<?xml version='1.0' encoding='utf-8'?>
<testsuites><testsuite name="http_runtime_contract" tests="19" failures="0" errors="0" skipped="0" time="2.522993"><testcase classname="_scratchbird_ai_test_http_adapters_0.HttpAdapterTests" name="test_compile_query" time="0.000040" /><testcase classname="_scratchbird_ai_test_http_adapters_0.HttpAdapterTests" name="test_execute_compiled" time="0.000017" /><testcase classname="_scratchbird_ai_test_http_adapters_0.HttpAdapterTests" name="test_metadata_tools" time="0.000023" /><testcase classname="_scratchbird_ai_test_http_bridge_1.BridgeConnectionSettingsTests" name="test_auth_plugin_connect_kwargs_are_forwarded" time="0.000031" /><testcase classname="_scratchbird_ai_test_http_bridge_1.BridgeConnectionSettingsTests" name="test_front_door_manager_proxy_forces_managed_transport" time="0.000012" /><testcase classname="_scratchbird_ai_test_http_bridge_1.BridgeConnectionSettingsTests" name="test_ipc_and_embedded_setup_mapping" time="0.000016" /><testcase classname="_scratchbird_ai_test_http_bridge_1.BridgeConnectionSettingsTests" name="test_listener_only_setup_maps_to_direct_listener" time="0.000008" /><testcase classname="_scratchbird_ai_test_http_bridge_1.BridgeConnectionSettingsTests" name="test_managed_setup_accepts_manager_token_from_dsn" time="0.000009" /><testcase classname="_scratchbird_ai_test_http_bridge_1.BridgeConnectionSettingsTests" name="test_managed_setup_maps_to_manager_proxy_and_includes_manager_fields" time="0.000011" /><testcase classname="_scratchbird_ai_test_http_bridge_1.BridgeConnectionSettingsTests" name="test_managed_setup_requires_manager_token" time="0.000021" /><testcase classname="_scratchbird_ai_test_http_bridge_1.BridgeConnectionSettingsTests" name="test_rejects_overlapping_auth_pinning_methods" time="0.000014" /><testcase classname="_scratchbird_ai_test_http_bridge_1.DriverConnectWiringTests" name="test_backend_connect_uses_resolved_kwargs" time="0.000020" /><testcase classname="_scratchbird_ai_test_http_bridge_1.HttpBridgeTests" name="test_auth_rejection" time="0.501956" /><testcase classname="_scratchbird_ai_test_http_bridge_1.HttpBridgeTests" name="test_compile_endpoint" time="0.503211" /><testcase classname="_scratchbird_ai_test_http_bridge_1.HttpBridgeTests" name="test_execute_endpoint" time="0.502380" /><testcase classname="_scratchbird_ai_test_http_bridge_1.HttpBridgeTests" name="test_metadata_endpoints" time="0.504796" /><testcase classname="_scratchbird_ai_test_http_bridge_1.HttpBridgeTests" name="test_non_native_dialect_rejection_message" time="0.002169" /><testcase classname="_scratchbird_ai_test_http_service_integration_2.HttpServiceIntegrationTests" name="test_metadata_roundtrip_over_http_adapter" time="0.004666" /><testcase classname="_scratchbird_ai_test_http_service_integration_2.HttpServiceIntegrationTests" name="test_run_query_over_http_adapter" time="0.503046" /></testsuite></testsuites>