<?xml version='1.0' encoding='utf-8'?>
<testsuites><testsuite name="service_surface_contract" tests="35" failures="0" errors="0" skipped="0" time="0.006633"><testcase classname="_scratchbird_ai_test_service_0.ServiceTests" name="test_cancel_remote_operation_reports_already_terminal" time="0.001242" /><testcase classname="_scratchbird_ai_test_service_0.ServiceTests" name="test_compile_artifact_id_is_deterministic" time="0.000234" /><testcase classname="_scratchbird_ai_test_service_0.ServiceTests" name="test_execute_readonly_query_canonical_tool" time="0.000321" /><testcase classname="_scratchbird_ai_test_service_0.ServiceTests" name="test_execution_artifact_id_changes_with_attempt_index" time="0.000255" /><testcase classname="_scratchbird_ai_test_service_0.ServiceTests" name="test_get_capabilities_publishes_interface_profile_inventory" time="0.000150" /><testcase classname="_scratchbird_ai_test_service_0.ServiceTests" name="test_get_provider_profiles_returns_catalog" time="0.000126" /><testcase classname="_scratchbird_ai_test_service_0.ServiceTests" name="test_get_tool_descriptors_returns_catalog" time="0.000113" /><testcase classname="_scratchbird_ai_test_service_0.ServiceTests" name="test_hybrid_mode_wires_http_for_native_dialect" time="0.000237" /><testcase classname="_scratchbird_ai_test_service_0.ServiceTests" name="test_invoke_provider_tool_anthropic_profile" time="0.000323" /><testcase classname="_scratchbird_ai_test_service_0.ServiceTests" name="test_invoke_provider_tool_gemini_profile" time="0.000376" /><testcase classname="_scratchbird_ai_test_service_0.ServiceTests" name="test_invoke_provider_tool_openai_profile" time="0.000286" /><testcase classname="_scratchbird_ai_test_service_0.ServiceTests" name="test_invoke_provider_tool_rejects_unimplemented_profile" time="0.000105" /><testcase classname="_scratchbird_ai_test_service_0.ServiceTests" name="test_remote_session_close_invalidates_future_invocation" time="0.000237" /><testcase classname="_scratchbird_ai_test_service_0.ServiceTests" name="test_remote_session_invocation_binds_session_security_context" time="0.000297" /><testcase classname="_scratchbird_ai_test_service_0.ServiceTests" name="test_remote_session_stream_request_fails_closed" time="0.000180" /><testcase classname="_scratchbird_ai_test_service_0.ServiceTests" name="test_remote_streaming_lifecycle_exposes_events_and_continuation" time="0.000343" /><testcase classname="_scratchbird_ai_test_service_0.ServiceTests" name="test_run_query_denies_missing_security_context" time="0.000143" /><testcase classname="_scratchbird_ai_test_service_0.ServiceTests" name="test_run_query_emits_allow_audit_bundle" time="0.000206" /><testcase classname="_scratchbird_ai_test_service_0.ServiceTests" name="test_run_query_emits_deny_audit_bundle" time="0.000178" /><testcase classname="_scratchbird_ai_test_service_0.ServiceTests" name="test_run_query_mutation_denied_without_approval" time="0.000173" /><testcase classname="_scratchbird_ai_test_service_0.ServiceTests" name="test_run_query_read_only" time="0.000188" /><testcase classname="_scratchbird_ai_test_service_0.ServiceTests" name="test_run_query_rejects_non_native_dialect" time="0.000084" /><testcase classname="_scratchbird_ai_test_service_0.ServiceTests" name="test_vector_and_hybrid_search_engine_free" time="0.000157" /><testcase classname="_scratchbird_ai_test_router_1.DialectRouterTests" name="test_available_dialects_contains_native" time="0.000059" /><testcase classname="_scratchbird_ai_test_router_1.DialectRouterTests" name="test_require_capability_allows_supported_dialect" time="0.000051" /><testcase classname="_scratchbird_ai_test_router_1.DialectRouterTests" name="test_require_capability_blocks_unsupported_dialect_capability" time="0.000055" /><testcase classname="_scratchbird_ai_test_router_1.DialectRouterTests" name="test_require_capability_rejects_non_native_dialect_with_policy_message" time="0.000051" /><testcase classname="_scratchbird_ai_test_policy_2.PolicyEngineTests" name="test_canonical_analysis_mode_blocks_mutation" time="0.000021" /><testcase classname="_scratchbird_ai_test_policy_2.PolicyEngineTests" name="test_canonical_approved_mode_allows_mutation" time="0.000029" /><testcase classname="_scratchbird_ai_test_policy_2.PolicyEngineTests" name="test_mutation_mode_requires_approval" time="0.000015" /><testcase classname="_scratchbird_ai_test_policy_2.PolicyEngineTests" name="test_mutation_mode_with_approval_allows" time="0.000021" /><testcase classname="_scratchbird_ai_test_policy_2.PolicyEngineTests" name="test_read_only_blocks_mutation" time="0.000014" /><testcase classname="_scratchbird_ai_test_settings_3.SettingsTests" name="test_load_runtime_settings_from_env" time="0.000058" /><testcase classname="_scratchbird_ai_test_settings_3.SettingsTests" name="test_runtime_settings_invalid_mode_falls_back_to_mock" time="0.000008" /><testcase classname="_scratchbird_ai_test_settings_3.SettingsTests" name="test_runtime_settings_mode_normalization" time="0.000006" /></testsuite></testsuites>