<?xml version='1.0' encoding='utf-8'?>
<testsuites><testsuite name="service_surface_contract" tests="23" failures="0" errors="0" skipped="0" time="0.002999"><testcase classname="_scratchbird_ai_test_service_0.ServiceTests" name="test_compile_artifact_id_is_deterministic" time="0.000377" /><testcase classname="_scratchbird_ai_test_service_0.ServiceTests" name="test_execute_readonly_query_canonical_tool" time="0.000377" /><testcase classname="_scratchbird_ai_test_service_0.ServiceTests" name="test_execution_artifact_id_changes_with_attempt_index" time="0.000228" /><testcase classname="_scratchbird_ai_test_service_0.ServiceTests" name="test_hybrid_mode_wires_http_for_native_dialect" time="0.000165" /><testcase classname="_scratchbird_ai_test_service_0.ServiceTests" name="test_run_query_denies_missing_security_context" time="0.000164" /><testcase classname="_scratchbird_ai_test_service_0.ServiceTests" name="test_run_query_emits_allow_audit_bundle" time="0.000259" /><testcase classname="_scratchbird_ai_test_service_0.ServiceTests" name="test_run_query_emits_deny_audit_bundle" time="0.000217" /><testcase classname="_scratchbird_ai_test_service_0.ServiceTests" name="test_run_query_mutation_denied_without_approval" time="0.000193" /><testcase classname="_scratchbird_ai_test_service_0.ServiceTests" name="test_run_query_read_only" time="0.000191" /><testcase classname="_scratchbird_ai_test_service_0.ServiceTests" name="test_run_query_rejects_non_native_dialect" time="0.000083" /><testcase classname="_scratchbird_ai_test_service_0.ServiceTests" name="test_vector_and_hybrid_search_engine_free" time="0.000167" /><testcase classname="_scratchbird_ai_test_router_1.DialectRouterTests" name="test_available_dialects_contains_native" time="0.000068" /><testcase classname="_scratchbird_ai_test_router_1.DialectRouterTests" name="test_require_capability_allows_supported_dialect" time="0.000055" /><testcase classname="_scratchbird_ai_test_router_1.DialectRouterTests" name="test_require_capability_blocks_unsupported_dialect_capability" time="0.000055" /><testcase classname="_scratchbird_ai_test_router_1.DialectRouterTests" name="test_require_capability_rejects_non_native_dialect_with_policy_message" time="0.000052" /><testcase classname="_scratchbird_ai_test_policy_2.PolicyEngineTests" name="test_canonical_analysis_mode_blocks_mutation" time="0.000021" /><testcase classname="_scratchbird_ai_test_policy_2.PolicyEngineTests" name="test_canonical_approved_mode_allows_mutation" time="0.000031" /><testcase classname="_scratchbird_ai_test_policy_2.PolicyEngineTests" name="test_mutation_mode_requires_approval" time="0.000016" /><testcase classname="_scratchbird_ai_test_policy_2.PolicyEngineTests" name="test_mutation_mode_with_approval_allows" time="0.000021" /><testcase classname="_scratchbird_ai_test_policy_2.PolicyEngineTests" name="test_read_only_blocks_mutation" time="0.000014" /><testcase classname="_scratchbird_ai_test_settings_3.SettingsTests" name="test_load_runtime_settings_from_env" time="0.000043" /><testcase classname="_scratchbird_ai_test_settings_3.SettingsTests" name="test_runtime_settings_invalid_mode_falls_back_to_mock" time="0.000007" /><testcase classname="_scratchbird_ai_test_settings_3.SettingsTests" name="test_runtime_settings_mode_normalization" time="0.000007" /></testsuite></testsuites>