<?xml version='1.0' encoding='utf-8'?>
<testsuites><testsuite name="provider_profile_parity" tests="4" failures="0" errors="0" skipped="0" time="0.000860"><testcase classname="_scratchbird_ai_test_provider_profiles_0.ProviderProfileTests" name="test_anthropic_provider_profile_executes_read_query" time="0.000270" /><testcase classname="_scratchbird_ai_test_provider_profiles_0.ProviderProfileTests" name="test_gemini_provider_profile_executes_read_query" time="0.000228" /><testcase classname="_scratchbird_ai_test_provider_profiles_0.ProviderProfileTests" name="test_openai_provider_profile_executes_read_query" time="0.000233" /><testcase classname="_scratchbird_ai_test_provider_profiles_0.ProviderProfileTests" name="test_provider_profile_catalog_marks_all_child_profiles_implemented" time="0.000085" /></testsuite></testsuites>